<?xml version="1.0" encoding="UTF-8"?>
<testsuite name="com.syudt.coslow.CoslowApplicationTests" tests="1" skipped="0" failures="0" errors="0" timestamp="2024-07-26T16:13:46" hostname="DESKTOP-FBO37I9" time="0.468">
  <properties/>
  <testcase name="contextLoads()" classname="com.syudt.coslow.CoslowApplicationTests" time="0.468"/>
  <system-out><![CDATA[01:13:41.852 [Test worker] INFO org.springframework.test.context.support.AnnotationConfigContextLoaderUtils -- Could not detect default configuration classes for test class [com.syudt.coslow.CoslowApplicationTests]: CoslowApplicationTests does not declare any static, non-private, non-final, nested classes annotated with @Configuration.
01:13:41.947 [Test worker] INFO org.springframework.boot.test.context.SpringBootTestContextBootstrapper -- Found @SpringBootConfiguration com.syudt.coslow.CoslowApplication for test class com.syudt.coslow.CoslowApplicationTests

  .   ____          _            __ _ _
 /\\ / ___'_ __ _ _(_)_ __  __ _ \ \ \ \
( ( )\___ | '_ | '_| | '_ \/ _` | \ \ \ \
 \\/  ___)| |_)| | | | | || (_| |  ) ) ) )
  '  |____| .__|_| |_|_| |_\__, | / / / /
 =========|_|==============|___/=/_/_/_/

 :: Spring Boot ::                (v3.3.2)

2024-07-27T01:13:42.410+09:00  INFO 15300 --- [    Test worker] c.syudt.coslow.CoslowApplicationTests    : Starting CoslowApplicationTests using Java 17.0.9 with PID 15300 (started by j in C:\lion\coslow_backend)
2024-07-27T01:13:42.411+09:00  INFO 15300 --- [    Test worker] c.syudt.coslow.CoslowApplicationTests    : No active profile set, falling back to 1 default profile: "default"
2024-07-27T01:13:43.125+09:00  INFO 15300 --- [    Test worker] .s.d.r.c.RepositoryConfigurationDelegate : Multiple Spring Data modules found, entering strict repository configuration mode
2024-07-27T01:13:43.127+09:00  INFO 15300 --- [    Test worker] .s.d.r.c.RepositoryConfigurationDelegate : Bootstrapping Spring Data JDBC repositories in DEFAULT mode.
2024-07-27T01:13:43.157+09:00  INFO 15300 --- [    Test worker] .RepositoryConfigurationExtensionSupport : Spring Data JDBC - Could not safely identify store assignment for repository candidate interface com.syudt.coslow.domain.challenge.repository.ChallengeRepository; If you want this repository to be a JDBC repository, consider annotating your entities with one of these annotations: org.springframework.data.relational.core.mapping.Table.
2024-07-27T01:13:43.158+09:00  INFO 15300 --- [    Test worker] .s.d.r.c.RepositoryConfigurationDelegate : Finished Spring Data repository scanning in 26 ms. Found 0 JDBC repository interfaces.
2024-07-27T01:13:43.171+09:00  INFO 15300 --- [    Test worker] .s.d.r.c.RepositoryConfigurationDelegate : Multiple Spring Data modules found, entering strict repository configuration mode
2024-07-27T01:13:43.172+09:00  INFO 15300 --- [    Test worker] .s.d.r.c.RepositoryConfigurationDelegate : Bootstrapping Spring Data JPA repositories in DEFAULT mode.
2024-07-27T01:13:43.205+09:00  INFO 15300 --- [    Test worker] .s.d.r.c.RepositoryConfigurationDelegate : Finished Spring Data repository scanning in 27 ms. Found 1 JPA repository interface.
2024-07-27T01:13:43.684+09:00  INFO 15300 --- [    Test worker] o.hibernate.jpa.internal.util.LogHelper  : HHH000204: Processing PersistenceUnitInfo [name: default]
2024-07-27T01:13:43.737+09:00  INFO 15300 --- [    Test worker] org.hibernate.Version                    : HHH000412: Hibernate ORM core version 6.5.2.Final
2024-07-27T01:13:43.772+09:00  INFO 15300 --- [    Test worker] o.h.c.internal.RegionFactoryInitiator    : HHH000026: Second-level cache disabled
2024-07-27T01:13:44.082+09:00  INFO 15300 --- [    Test worker] o.s.o.j.p.SpringPersistenceUnitInfo      : No LoadTimeWeaver setup: ignoring JPA class transformer
2024-07-27T01:13:44.108+09:00  INFO 15300 --- [    Test worker] com.zaxxer.hikari.HikariDataSource       : HikariPool-1 - Starting...
2024-07-27T01:13:44.369+09:00  INFO 15300 --- [    Test worker] com.zaxxer.hikari.pool.HikariPool        : HikariPool-1 - Added connection com.mysql.cj.jdbc.ConnectionImpl@43778371
2024-07-27T01:13:44.372+09:00  INFO 15300 --- [    Test worker] com.zaxxer.hikari.HikariDataSource       : HikariPool-1 - Start completed.
2024-07-27T01:13:44.416+09:00  WARN 15300 --- [    Test worker] org.hibernate.orm.deprecation            : HHH90000025: MySQLDialect does not need to be specified explicitly using 'hibernate.dialect' (remove the property setting and it will be selected by default)
2024-07-27T01:13:45.366+09:00  INFO 15300 --- [    Test worker] o.h.e.t.j.p.i.JtaPlatformInitiator       : HHH000489: No JTA platform available (set 'hibernate.transaction.jta.platform' to enable JTA platform integration)
Hibernate: alter table challenge modify column participate_frequency ENUM('1 week', '2 weeks', '1 month', 'Custom') not null
Hibernate: alter table challenge modify column status ENUM('Recruiting', 'Proceeding', 'Completed') not null
Hibernate: alter table user modify column char_level ENUM('1', '2', '3', '4', '5') DEFAULT '1'
2024-07-27T01:13:45.523+09:00  INFO 15300 --- [    Test worker] j.LocalContainerEntityManagerFactoryBean : Initialized JPA EntityManagerFactory for persistence unit 'default'
2024-07-27T01:13:45.955+09:00  WARN 15300 --- [    Test worker] JpaBaseConfiguration$JpaWebConfiguration : spring.jpa.open-in-view is enabled by default. Therefore, database queries may be performed during view rendering. Explicitly configure spring.jpa.open-in-view to disable this warning
2024-07-27T01:13:46.469+09:00  WARN 15300 --- [    Test worker] .s.s.UserDetailsServiceAutoConfiguration : 

Using generated security password: b5e77b78-23f0-499a-95a3-6fd8983387cb

This generated password is for development use only. Your security configuration must be updated before running your application in production.

2024-07-27T01:13:46.492+09:00  INFO 15300 --- [    Test worker] r$InitializeUserDetailsManagerConfigurer : Global AuthenticationManager configured with UserDetailsService bean with name inMemoryUserDetailsManager
2024-07-27T01:13:46.682+09:00  INFO 15300 --- [    Test worker] c.syudt.coslow.CoslowApplicationTests    : Started CoslowApplicationTests in 4.536 seconds (process running for 5.606)
]]></system-out>
  <system-err><![CDATA[]]></system-err>
</testsuite>
